<html>
<head>
<title>TestNG:  Test</title>
<link href="../testng.css" rel="stylesheet" type="text/css" />
<link href="../my-testng.css" rel="stylesheet" type="text/css" />

<style type="text/css">
.log { display: none;} 
.stack-trace { display: none;} 
</style>
<script type="text/javascript">
<!--
function flip(e) {
  current = e.style.display;
  if (current == 'block') {
    e.style.display = 'none';
    return 0;
  }
  else {
    e.style.display = 'block';
    return 1;
  }
}

function toggleBox(szDivId, elem, msg1, msg2)
{
  var res = -1;  if (document.getElementById) {
    res = flip(document.getElementById(szDivId));
  }
  else if (document.all) {
    // this is the way old msie versions work
    res = flip(document.all[szDivId]);
  }
  if(elem) {
    if(res == 0) elem.innerHTML = msg1; else elem.innerHTML = msg2;
  }

}

function toggleAllBoxes() {
  if (document.getElementsByTagName) {
    d = document.getElementsByTagName('div');
    for (i = 0; i < d.length; i++) {
      if (d[i].className == 'log') {
        flip(d[i]);
      }
    }
  }
}

// -->
</script>

</head>
<body>
<h2 align='center'>Test</h2><table border='1' align="center">
<tr>
<td>Tests passed/Failed/Skipped:</td><td>29/2/0</td>
</tr><tr>
<td>Started on:</td><td>Fri Jan 04 18:51:35 IST 2019</td>
</tr>
<tr><td>Total time:</td><td>837 seconds (837808 ms)</td>
</tr><tr>
<td>Included groups:</td><td></td>
</tr><tr>
<td>Excluded groups:</td><td></td>
</tr>
</table><p/>
<small><i>(Hover the method name to see the test class name)</i></small><p/>
<table width='100%' border='1' class='invocation-failed'>
<tr><td colspan='4' align='center'><b>FAILED TESTS</b></td></tr>
<tr><td><b>Test method</b></td>
<td width="30%"><b>Exception</b></td>
<td width="10%"><b>Time (seconds)</b></td>
<td><b>Instance</b></td>
</tr>
<tr>
<td title='scriptsAgent.AllCategory.Test()'><b>Test</b><br>Test class: scriptsAgent.AllCategory</td>
<td><div><pre>org.openqa.selenium.WebDriverException: unknown error: Element &lt;a href=&quot;http://lbws.ml/master48/public/comment&quot;&gt;...&lt;/a&gt; is not clickable at point (424, 50). Other element would receive the click: &lt;a data-target=&quot;#tabB&quot; href=&quot;#&quot;&gt;...&lt;/a&gt;
  (Session info: chrome=71.0.3578.98)
  (Driver info: chromedriver=2.42.591088 (7b2b2dca23cca0862f674758c9a3933e685c27d5),platform=Windows NT 10.0.17134 x86_64) (WARNING: The server did not provide any stacktrace information)
Command duration or timeout: 0 milliseconds
Build info: version: &apos;3.14.0&apos;, revision: &apos;aacccce0&apos;, time: &apos;2018-08-02T20:13:22.693Z&apos;
System info: host: &apos;LAPTOP-PHDB1SI7&apos;, ip: &apos;192.168.2.75&apos;, os.name: &apos;Windows 10&apos;, os.arch: &apos;amd64&apos;, os.version: &apos;10.0&apos;, java.version: &apos;1.8.0_152&apos;
Driver info: org.openqa.selenium.chrome.ChromeDriver
Capabilities {acceptInsecureCerts: false, acceptSslCerts: false, applicationCacheEnabled: false, browserConnectionEnabled: false, browserName: chrome, chrome: {chromedriverVersion: 2.42.591088 (7b2b2dca23cca0..., userDataDir: C:\Users\pc\AppData\Local\T...}, cssSelectorsEnabled: true, databaseEnabled: false, goog:chromeOptions: {debuggerAddress: localhost:51559}, handlesAlerts: true, hasTouchScreen: false, javascriptEnabled: true, locationContextEnabled: true, mobileEmulationEnabled: false, nativeEvents: true, networkConnectionEnabled: false, pageLoadStrategy: normal, platform: XP, platformName: XP, rotatable: false, setWindowRect: true, takesHeapSnapshot: true, takesScreenshot: true, unexpectedAlertBehaviour: , unhandledPromptBehavior: , version: 71.0.3578.98, webStorageEnabled: true}
Session ID: 22258cd0de74300dbd5107cd9ead98c9
	at org.openqa.selenium.remote.ErrorHandler.createThrowable(ErrorHandler.java:214)
	at org.openqa.selenium.remote.ErrorHandler.throwIfResponseFailed(ErrorHandler.java:166)
	at org.openqa.selenium.remote.http.JsonHttpResponseCodec.reconstructValue(JsonHttpResponseCodec.java:40)
	at org.openqa.selenium.remote.http.AbstractHttpResponseCodec.decode(AbstractHttpResponseCodec.java:80)
	at org.openqa.selenium.remote.http.AbstractHttpResponseCodec.decode(AbstractHttpResponseCodec.java:44)
	at org.openqa.selenium.remote.HttpCommandExecutor.execute(HttpCommandExecutor.java:158)
	at org.openqa.selenium.remote.service.DriverCommandExecutor.execute(DriverCommandExecutor.java:83)
	at org.openqa.selenium.remote.RemoteWebDriver.execute(RemoteWebDriver.java:548)
	at org.openqa.selenium.remote.RemoteWebElement.execute(RemoteWebElement.java:276)
	at org.openqa.selenium.remote.RemoteWebElement.click(RemoteWebElement.java:83)
	at org.openqa.selenium.support.pagefactory.internal.LocatingElementHandler.invoke(LocatingElementHandler.java:51)
	at com.sun.proxy.$Proxy10.click(Unknown Source)
	at Page.allcategory.clickknowledgebase(allcategory.java:59)
	at scriptsAgent.AllCategory.Test(AllCategory.java:20)
... Removed 32 stack frames</pre></div><a href='#' onClick='toggleBox("stack-trace1280959582", this, "Click to show all stack frames", "Click to hide stack frames")'>Click to show all stack frames</a>
<div class='stack-trace' id='stack-trace1280959582'><pre>org.openqa.selenium.WebDriverException: unknown error: Element &lt;a href=&quot;http://lbws.ml/master48/public/comment&quot;&gt;...&lt;/a&gt; is not clickable at point (424, 50). Other element would receive the click: &lt;a data-target=&quot;#tabB&quot; href=&quot;#&quot;&gt;...&lt;/a&gt;
  (Session info: chrome=71.0.3578.98)
  (Driver info: chromedriver=2.42.591088 (7b2b2dca23cca0862f674758c9a3933e685c27d5),platform=Windows NT 10.0.17134 x86_64) (WARNING: The server did not provide any stacktrace information)
Command duration or timeout: 0 milliseconds
Build info: version: &apos;3.14.0&apos;, revision: &apos;aacccce0&apos;, time: &apos;2018-08-02T20:13:22.693Z&apos;
System info: host: &apos;LAPTOP-PHDB1SI7&apos;, ip: &apos;192.168.2.75&apos;, os.name: &apos;Windows 10&apos;, os.arch: &apos;amd64&apos;, os.version: &apos;10.0&apos;, java.version: &apos;1.8.0_152&apos;
Driver info: org.openqa.selenium.chrome.ChromeDriver
Capabilities {acceptInsecureCerts: false, acceptSslCerts: false, applicationCacheEnabled: false, browserConnectionEnabled: false, browserName: chrome, chrome: {chromedriverVersion: 2.42.591088 (7b2b2dca23cca0..., userDataDir: C:\Users\pc\AppData\Local\T...}, cssSelectorsEnabled: true, databaseEnabled: false, goog:chromeOptions: {debuggerAddress: localhost:51559}, handlesAlerts: true, hasTouchScreen: false, javascriptEnabled: true, locationContextEnabled: true, mobileEmulationEnabled: false, nativeEvents: true, networkConnectionEnabled: false, pageLoadStrategy: normal, platform: XP, platformName: XP, rotatable: false, setWindowRect: true, takesHeapSnapshot: true, takesScreenshot: true, unexpectedAlertBehaviour: , unhandledPromptBehavior: , version: 71.0.3578.98, webStorageEnabled: true}
Session ID: 22258cd0de74300dbd5107cd9ead98c9
	at sun.reflect.NativeConstructorAccessorImpl.newInstance0(Native Method)
	at sun.reflect.NativeConstructorAccessorImpl.newInstance(Unknown Source)
	at sun.reflect.DelegatingConstructorAccessorImpl.newInstance(Unknown Source)
	at java.lang.reflect.Constructor.newInstance(Unknown Source)
	at org.openqa.selenium.remote.ErrorHandler.createThrowable(ErrorHandler.java:214)
	at org.openqa.selenium.remote.ErrorHandler.throwIfResponseFailed(ErrorHandler.java:166)
	at org.openqa.selenium.remote.http.JsonHttpResponseCodec.reconstructValue(JsonHttpResponseCodec.java:40)
	at org.openqa.selenium.remote.http.AbstractHttpResponseCodec.decode(AbstractHttpResponseCodec.java:80)
	at org.openqa.selenium.remote.http.AbstractHttpResponseCodec.decode(AbstractHttpResponseCodec.java:44)
	at org.openqa.selenium.remote.HttpCommandExecutor.execute(HttpCommandExecutor.java:158)
	at org.openqa.selenium.remote.service.DriverCommandExecutor.execute(DriverCommandExecutor.java:83)
	at org.openqa.selenium.remote.RemoteWebDriver.execute(RemoteWebDriver.java:548)
	at org.openqa.selenium.remote.RemoteWebElement.execute(RemoteWebElement.java:276)
	at org.openqa.selenium.remote.RemoteWebElement.click(RemoteWebElement.java:83)
	at sun.reflect.GeneratedMethodAccessor1.invoke(Unknown Source)
	at sun.reflect.DelegatingMethodAccessorImpl.invoke(Unknown Source)
	at java.lang.reflect.Method.invoke(Unknown Source)
	at org.openqa.selenium.support.pagefactory.internal.LocatingElementHandler.invoke(LocatingElementHandler.java:51)
	at com.sun.proxy.$Proxy10.click(Unknown Source)
	at Page.allcategory.clickknowledgebase(allcategory.java:59)
	at scriptsAgent.AllCategory.Test(AllCategory.java:20)
	at sun.reflect.NativeMethodAccessorImpl.invoke0(Native Method)
	at sun.reflect.NativeMethodAccessorImpl.invoke(Unknown Source)
	at sun.reflect.DelegatingMethodAccessorImpl.invoke(Unknown Source)
	at java.lang.reflect.Method.invoke(Unknown Source)
	at org.testng.internal.MethodInvocationHelper.invokeMethod(MethodInvocationHelper.java:124)
	at org.testng.internal.Invoker.invokeMethod(Invoker.java:580)
	at org.testng.internal.Invoker.invokeTestMethod(Invoker.java:716)
	at org.testng.internal.Invoker.invokeTestMethods(Invoker.java:988)
	at org.testng.internal.TestMethodWorker.invokeTestMethods(TestMethodWorker.java:125)
	at org.testng.internal.TestMethodWorker.run(TestMethodWorker.java:109)
	at org.testng.TestRunner.privateRun(TestRunner.java:648)
	at org.testng.TestRunner.run(TestRunner.java:505)
	at org.testng.SuiteRunner.runTest(SuiteRunner.java:455)
	at org.testng.SuiteRunner.runSequentially(SuiteRunner.java:450)
	at org.testng.SuiteRunner.privateRun(SuiteRunner.java:415)
	at org.testng.SuiteRunner.run(SuiteRunner.java:364)
	at org.testng.SuiteRunnerWorker.runSuite(SuiteRunnerWorker.java:52)
	at org.testng.SuiteRunnerWorker.run(SuiteRunnerWorker.java:84)
	at org.testng.TestNG.runSuitesSequentially(TestNG.java:1208)
	at org.testng.TestNG.runSuitesLocally(TestNG.java:1137)
	at org.testng.TestNG.runSuites(TestNG.java:1049)
	at org.testng.TestNG.run(TestNG.java:1017)
	at org.testng.remote.AbstractRemoteTestNG.run(AbstractRemoteTestNG.java:114)
	at org.testng.remote.RemoteTestNG.initAndRun(RemoteTestNG.java:251)
	at org.testng.remote.RemoteTestNG.main(RemoteTestNG.java:77)
</pre></div></td>
<td>7</td>
<td>scriptsAgent.AllCategory@58c1670b</td></tr>
<tr>
<td title='scriptsAgent.AddArticle.test()'><b>test</b><br>Test class: scriptsAgent.AddArticle</td>
<td><div><pre>org.openqa.selenium.ElementNotVisibleException: element not interactable
  (Session info: chrome=71.0.3578.98)
  (Driver info: chromedriver=2.42.591088 (7b2b2dca23cca0862f674758c9a3933e685c27d5),platform=Windows NT 10.0.17134 x86_64) (WARNING: The server did not provide any stacktrace information)
Command duration or timeout: 0 milliseconds
Build info: version: &apos;3.14.0&apos;, revision: &apos;aacccce0&apos;, time: &apos;2018-08-02T20:13:22.693Z&apos;
System info: host: &apos;LAPTOP-PHDB1SI7&apos;, ip: &apos;192.168.2.75&apos;, os.name: &apos;Windows 10&apos;, os.arch: &apos;amd64&apos;, os.version: &apos;10.0&apos;, java.version: &apos;1.8.0_152&apos;
Driver info: org.openqa.selenium.chrome.ChromeDriver
Capabilities {acceptInsecureCerts: false, acceptSslCerts: false, applicationCacheEnabled: false, browserConnectionEnabled: false, browserName: chrome, chrome: {chromedriverVersion: 2.42.591088 (7b2b2dca23cca0..., userDataDir: C:\Users\pc\AppData\Local\T...}, cssSelectorsEnabled: true, databaseEnabled: false, goog:chromeOptions: {debuggerAddress: localhost:51353}, handlesAlerts: true, hasTouchScreen: false, javascriptEnabled: true, locationContextEnabled: true, mobileEmulationEnabled: false, nativeEvents: true, networkConnectionEnabled: false, pageLoadStrategy: normal, platform: XP, platformName: XP, rotatable: false, setWindowRect: true, takesHeapSnapshot: true, takesScreenshot: true, unexpectedAlertBehaviour: , unhandledPromptBehavior: , version: 71.0.3578.98, webStorageEnabled: true}
Session ID: b1a2457670bd9b623dde24762b59f046
	at org.openqa.selenium.remote.ErrorHandler.createThrowable(ErrorHandler.java:214)
	at org.openqa.selenium.remote.ErrorHandler.throwIfResponseFailed(ErrorHandler.java:166)
	at org.openqa.selenium.remote.http.JsonHttpResponseCodec.reconstructValue(JsonHttpResponseCodec.java:40)
	at org.openqa.selenium.remote.http.AbstractHttpResponseCodec.decode(AbstractHttpResponseCodec.java:80)
	at org.openqa.selenium.remote.http.AbstractHttpResponseCodec.decode(AbstractHttpResponseCodec.java:44)
	at org.openqa.selenium.remote.HttpCommandExecutor.execute(HttpCommandExecutor.java:158)
	at org.openqa.selenium.remote.service.DriverCommandExecutor.execute(DriverCommandExecutor.java:83)
	at org.openqa.selenium.remote.RemoteWebDriver.execute(RemoteWebDriver.java:548)
	at org.openqa.selenium.remote.RemoteWebElement.execute(RemoteWebElement.java:276)
	at org.openqa.selenium.remote.RemoteWebElement.click(RemoteWebElement.java:83)
	at org.openqa.selenium.support.pagefactory.internal.LocatingElementHandler.invoke(LocatingElementHandler.java:51)
	at com.sun.proxy.$Proxy10.click(Unknown Source)
	at Page.addarticle.clicklogin21(addarticle.java:49)
	at scriptsAgent.AddArticle.test(AddArticle.java:18)
... Removed 32 stack frames</pre></div><a href='#' onClick='toggleBox("stack-trace1911168986", this, "Click to show all stack frames", "Click to hide stack frames")'>Click to show all stack frames</a>
<div class='stack-trace' id='stack-trace1911168986'><pre>org.openqa.selenium.ElementNotVisibleException: element not interactable
  (Session info: chrome=71.0.3578.98)
  (Driver info: chromedriver=2.42.591088 (7b2b2dca23cca0862f674758c9a3933e685c27d5),platform=Windows NT 10.0.17134 x86_64) (WARNING: The server did not provide any stacktrace information)
Command duration or timeout: 0 milliseconds
Build info: version: &apos;3.14.0&apos;, revision: &apos;aacccce0&apos;, time: &apos;2018-08-02T20:13:22.693Z&apos;
System info: host: &apos;LAPTOP-PHDB1SI7&apos;, ip: &apos;192.168.2.75&apos;, os.name: &apos;Windows 10&apos;, os.arch: &apos;amd64&apos;, os.version: &apos;10.0&apos;, java.version: &apos;1.8.0_152&apos;
Driver info: org.openqa.selenium.chrome.ChromeDriver
Capabilities {acceptInsecureCerts: false, acceptSslCerts: false, applicationCacheEnabled: false, browserConnectionEnabled: false, browserName: chrome, chrome: {chromedriverVersion: 2.42.591088 (7b2b2dca23cca0..., userDataDir: C:\Users\pc\AppData\Local\T...}, cssSelectorsEnabled: true, databaseEnabled: false, goog:chromeOptions: {debuggerAddress: localhost:51353}, handlesAlerts: true, hasTouchScreen: false, javascriptEnabled: true, locationContextEnabled: true, mobileEmulationEnabled: false, nativeEvents: true, networkConnectionEnabled: false, pageLoadStrategy: normal, platform: XP, platformName: XP, rotatable: false, setWindowRect: true, takesHeapSnapshot: true, takesScreenshot: true, unexpectedAlertBehaviour: , unhandledPromptBehavior: , version: 71.0.3578.98, webStorageEnabled: true}
Session ID: b1a2457670bd9b623dde24762b59f046
	at sun.reflect.NativeConstructorAccessorImpl.newInstance0(Native Method)
	at sun.reflect.NativeConstructorAccessorImpl.newInstance(Unknown Source)
	at sun.reflect.DelegatingConstructorAccessorImpl.newInstance(Unknown Source)
	at java.lang.reflect.Constructor.newInstance(Unknown Source)
	at org.openqa.selenium.remote.ErrorHandler.createThrowable(ErrorHandler.java:214)
	at org.openqa.selenium.remote.ErrorHandler.throwIfResponseFailed(ErrorHandler.java:166)
	at org.openqa.selenium.remote.http.JsonHttpResponseCodec.reconstructValue(JsonHttpResponseCodec.java:40)
	at org.openqa.selenium.remote.http.AbstractHttpResponseCodec.decode(AbstractHttpResponseCodec.java:80)
	at org.openqa.selenium.remote.http.AbstractHttpResponseCodec.decode(AbstractHttpResponseCodec.java:44)
	at org.openqa.selenium.remote.HttpCommandExecutor.execute(HttpCommandExecutor.java:158)
	at org.openqa.selenium.remote.service.DriverCommandExecutor.execute(DriverCommandExecutor.java:83)
	at org.openqa.selenium.remote.RemoteWebDriver.execute(RemoteWebDriver.java:548)
	at org.openqa.selenium.remote.RemoteWebElement.execute(RemoteWebElement.java:276)
	at org.openqa.selenium.remote.RemoteWebElement.click(RemoteWebElement.java:83)
	at sun.reflect.GeneratedMethodAccessor1.invoke(Unknown Source)
	at sun.reflect.DelegatingMethodAccessorImpl.invoke(Unknown Source)
	at java.lang.reflect.Method.invoke(Unknown Source)
	at org.openqa.selenium.support.pagefactory.internal.LocatingElementHandler.invoke(LocatingElementHandler.java:51)
	at com.sun.proxy.$Proxy10.click(Unknown Source)
	at Page.addarticle.clicklogin21(addarticle.java:49)
	at scriptsAgent.AddArticle.test(AddArticle.java:18)
	at sun.reflect.NativeMethodAccessorImpl.invoke0(Native Method)
	at sun.reflect.NativeMethodAccessorImpl.invoke(Unknown Source)
	at sun.reflect.DelegatingMethodAccessorImpl.invoke(Unknown Source)
	at java.lang.reflect.Method.invoke(Unknown Source)
	at org.testng.internal.MethodInvocationHelper.invokeMethod(MethodInvocationHelper.java:124)
	at org.testng.internal.Invoker.invokeMethod(Invoker.java:580)
	at org.testng.internal.Invoker.invokeTestMethod(Invoker.java:716)
	at org.testng.internal.Invoker.invokeTestMethods(Invoker.java:988)
	at org.testng.internal.TestMethodWorker.invokeTestMethods(TestMethodWorker.java:125)
	at org.testng.internal.TestMethodWorker.run(TestMethodWorker.java:109)
	at org.testng.TestRunner.privateRun(TestRunner.java:648)
	at org.testng.TestRunner.run(TestRunner.java:505)
	at org.testng.SuiteRunner.runTest(SuiteRunner.java:455)
	at org.testng.SuiteRunner.runSequentially(SuiteRunner.java:450)
	at org.testng.SuiteRunner.privateRun(SuiteRunner.java:415)
	at org.testng.SuiteRunner.run(SuiteRunner.java:364)
	at org.testng.SuiteRunnerWorker.runSuite(SuiteRunnerWorker.java:52)
	at org.testng.SuiteRunnerWorker.run(SuiteRunnerWorker.java:84)
	at org.testng.TestNG.runSuitesSequentially(TestNG.java:1208)
	at org.testng.TestNG.runSuitesLocally(TestNG.java:1137)
	at org.testng.TestNG.runSuites(TestNG.java:1049)
	at org.testng.TestNG.run(TestNG.java:1017)
	at org.testng.remote.AbstractRemoteTestNG.run(AbstractRemoteTestNG.java:114)
	at org.testng.remote.RemoteTestNG.initAndRun(RemoteTestNG.java:251)
	at org.testng.remote.RemoteTestNG.main(RemoteTestNG.java:77)
</pre></div></td>
<td>2</td>
<td>scriptsAgent.AddArticle@32d2fa64</td></tr>
</table><p>
<table width='100%' border='1' class='invocation-passed'>
<tr><td colspan='4' align='center'><b>PASSED TESTS</b></td></tr>
<tr><td><b>Test method</b></td>
<td width="30%"><b>Exception</b></td>
<td width="10%"><b>Time (seconds)</b></td>
<td><b>Instance</b></td>
</tr>
<tr>
<td title='scriptsAgent.Mytickets.Test()'><b>Test</b><br>Test class: scriptsAgent.Mytickets</td>
<td></td>
<td>16</td>
<td>scriptsAgent.Mytickets@37d31475</td></tr>
<tr>
<td title='scriptsAgent.DashboardUnassigned.Test()'><b>Test</b><br>Test class: scriptsAgent.DashboardUnassigned</td>
<td></td>
<td>15</td>
<td>scriptsAgent.DashboardUnassigned@436e852b</td></tr>
<tr>
<td title='scriptsAgent.Allarticles.Test()'><b>Test</b><br>Test class: scriptsAgent.Allarticles</td>
<td></td>
<td>25</td>
<td>scriptsAgent.Allarticles@6b9651f3</td></tr>
<tr>
<td title='scriptsAgent.Duetoday.Test()'><b>Test</b><br>Test class: scriptsAgent.Duetoday</td>
<td></td>
<td>25</td>
<td>scriptsAgent.Duetoday@38bc8ab5</td></tr>
<tr>
<td title='scriptsAgent.overdue.Test()'><b>Test</b><br>Test class: scriptsAgent.overdue</td>
<td></td>
<td>19</td>
<td>scriptsAgent.overdue@e874448</td></tr>
<tr>
<td title='scriptsAgent.testadmin.Test()'><b>Test</b><br>Test class: scriptsAgent.testadmin</td>
<td></td>
<td>16</td>
<td>scriptsAgent.testadmin@29b5cd00</td></tr>
<tr>
<td title='scriptsAgent.Allarticletemplates.Test()'><b>Test</b><br>Test class: scriptsAgent.Allarticletemplates</td>
<td></td>
<td>17</td>
<td>scriptsAgent.Allarticletemplates@60285225</td></tr>
<tr>
<td title='scriptsAgent.Page.Test()'><b>Test</b><br>Test class: scriptsAgent.Page</td>
<td></td>
<td>29</td>
<td>scriptsAgent.Page@42d8062c</td></tr>
<tr>
<td title='scriptsAgent.Categories.Test()'><b>Test</b><br>Test class: scriptsAgent.Categories</td>
<td></td>
<td>14</td>
<td>scriptsAgent.Categories@59906517</td></tr>
<tr>
<td title='scriptsAgent.reportpages.Test1()'><b>Test1</b><br>Test class: scriptsAgent.reportpages</td>
<td></td>
<td>14</td>
<td>scriptsAgent.reportpages@45820e51</td></tr>
<tr>
<td title='scriptsAgent.TopcustomerAnalysis.Test10()'><b>Test10</b><br>Test class: scriptsAgent.TopcustomerAnalysis</td>
<td></td>
<td>17</td>
<td>scriptsAgent.TopcustomerAnalysis@5bb21b69</td></tr>
<tr>
<td title='scriptsAgent.SatisfactionSurvey.Test10()'><b>Test10</b><br>Test class: scriptsAgent.SatisfactionSurvey</td>
<td></td>
<td>29</td>
<td>scriptsAgent.SatisfactionSurvey@7ce6a65d</td></tr>
<tr>
<td title='scriptsAgent.ActivityDownloads.Test12()'><b>Test12</b><br>Test class: scriptsAgent.ActivityDownloads</td>
<td></td>
<td>15</td>
<td>scriptsAgent.ActivityDownloads@9a7504c</td></tr>
<tr>
<td title='scriptsAgent.ToolsCannedresponses.Test13()'><b>Test13</b><br>Test class: scriptsAgent.ToolsCannedresponses</td>
<td></td>
<td>9</td>
<td>scriptsAgent.ToolsCannedresponses@587d1d39</td></tr>
<tr>
<td title='scriptsAgent.Users.Test14()'><b>Test14</b><br>Test class: scriptsAgent.Users</td>
<td></td>
<td>14</td>
<td>scriptsAgent.Users@1d8d30f7</td></tr>
<tr>
<td title='scriptsAgent.toolsknowledgebase.Test14()'><b>Test14</b><br>Test class: scriptsAgent.toolsknowledgebase</td>
<td></td>
<td>13</td>
<td>scriptsAgent.toolsknowledgebase@687080dc</td></tr>
<tr>
<td title='scriptsAgent.userorganisations.Test15()'><b>Test15</b><br>Test class: scriptsAgent.userorganisations</td>
<td></td>
<td>16</td>
<td>scriptsAgent.userorganisations@3e57cd70</td></tr>
<tr>
<td title='scriptsAgent.Dashboard.Test16()'><b>Test16</b><br>Test class: scriptsAgent.Dashboard</td>
<td></td>
<td>23</td>
<td>scriptsAgent.Dashboard@6043cd28</td></tr>
<tr>
<td title='scriptsAgent.helpdesk.Test2()'><b>Test2</b><br>Test class: scriptsAgent.helpdesk</td>
<td></td>
<td>13</td>
<td>scriptsAgent.helpdesk@7113b13f</td></tr>
<tr>
<td title='scriptsAgent.ticketvolumetrend.Test3()'><b>Test3</b><br>Test class: scriptsAgent.ticketvolumetrend</td>
<td></td>
<td>14</td>
<td>scriptsAgent.ticketvolumetrend@26a7b76d</td></tr>
<tr>
<td title='scriptsAgent.AgentPerformance.Test4()'><b>Test4</b><br>Test class: scriptsAgent.AgentPerformance</td>
<td></td>
<td>17</td>
<td>scriptsAgent.AgentPerformance@2c039ac6</td></tr>
<tr>
<td title='scriptsAgent.DepartmentPerformance.Test5()'><b>Test5</b><br>Test class: scriptsAgent.DepartmentPerformance</td>
<td></td>
<td>13</td>
<td>scriptsAgent.DepartmentPerformance@6b57696f</td></tr>
<tr>
<td title='scriptsAgent.TeamPerformance.Test6()'><b>Test6</b><br>Test class: scriptsAgent.TeamPerformance</td>
<td></td>
<td>16</td>
<td>scriptsAgent.TeamPerformance@1a1d6a08</td></tr>
<tr>
<td title='scriptsAgent.PerformanceDistribution.Test7()'><b>Test7</b><br>Test class: scriptsAgent.PerformanceDistribution</td>
<td></td>
<td>26</td>
<td>scriptsAgent.PerformanceDistribution@cb51256</td></tr>
<tr>
<td title='scriptsAgent.TimesheetSummary.Test8()'><b>Test8</b><br>Test class: scriptsAgent.TimesheetSummary</td>
<td></td>
<td>24</td>
<td>scriptsAgent.TimesheetSummary@1500955a</td></tr>
<tr>
<td title='scriptsAgent.ManagementReport.Test9()'><b>Test9</b><br>Test class: scriptsAgent.ManagementReport</td>
<td></td>
<td>12</td>
<td>scriptsAgent.ManagementReport@23d2a7e8</td></tr>
<tr>
<td title='scriptsAgent.Addcategoy.Ttest()'><b>Ttest</b><br>Test class: scriptsAgent.Addcategoy</td>
<td></td>
<td>15</td>
<td>scriptsAgent.Addcategoy@27808f31</td></tr>
<tr>
<td title='scriptsAgent.article.test()'><b>test</b><br>Test class: scriptsAgent.article</td>
<td></td>
<td>12</td>
<td>scriptsAgent.article@7a9273a8</td></tr>
<tr>
<td title='scriptsAgent.addarticletemplates.test()'><b>test</b><br>Test class: scriptsAgent.addarticletemplates</td>
<td></td>
<td>18</td>
<td>scriptsAgent.addarticletemplates@4abdb505</td></tr>
</table><p>
</body>
</html>